<?xml version="1.0" encoding="UTF-8"?>
<testsuite xmlns:xsi="http://www.w3.org/2001/XMLSchema-instance" xsi:noNamespaceSchemaLocation="https://maven.apache.org/surefire/maven-surefire-plugin/xsd/surefire-test-report-3.0.xsd" version="3.0" name="ClassesTeste.ClienteTesteTest" time="0.02" tests="13" errors="0" skipped="0" failures="0">
  <properties>
    <property name="java.specification.version" value="21"/>
    <property name="sun.jnu.encoding" value="UTF-8"/>
    <property name="java.class.path" value="/home/bruno/NetBeansProjects/GerenciadorDeBiblioteca/target/test-classes:/home/bruno/NetBeansProjects/GerenciadorDeBiblioteca/target/classes:/home/bruno/.m2/repository/org/openjfx/javafx-controls/13/javafx-controls-13.jar:/home/bruno/.m2/repository/org/openjfx/javafx-controls/13/javafx-controls-13-linux.jar:/home/bruno/.m2/repository/org/openjfx/javafx-graphics/13/javafx-graphics-13.jar:/home/bruno/.m2/repository/org/openjfx/javafx-graphics/13/javafx-graphics-13-linux.jar:/home/bruno/.m2/repository/org/openjfx/javafx-base/13/javafx-base-13.jar:/home/bruno/.m2/repository/org/openjfx/javafx-base/13/javafx-base-13-linux.jar:/home/bruno/.m2/repository/org/openjfx/javafx-fxml/13/javafx-fxml-13.jar:/home/bruno/.m2/repository/org/openjfx/javafx-fxml/13/javafx-fxml-13-linux.jar:/home/bruno/.m2/repository/org/junit/jupiter/junit-jupiter-api/5.6.0/junit-jupiter-api-5.6.0.jar:/home/bruno/.m2/repository/org/apiguardian/apiguardian-api/1.1.0/apiguardian-api-1.1.0.jar:/home/bruno/.m2/repository/org/opentest4j/opentest4j/1.2.0/opentest4j-1.2.0.jar:/home/bruno/.m2/repository/org/junit/platform/junit-platform-commons/1.6.0/junit-platform-commons-1.6.0.jar:/home/bruno/.m2/repository/org/junit/jupiter/junit-jupiter-params/5.6.0/junit-jupiter-params-5.6.0.jar:/home/bruno/.m2/repository/org/junit/jupiter/junit-jupiter-engine/5.6.0/junit-jupiter-engine-5.6.0.jar:/home/bruno/.m2/repository/org/junit/platform/junit-platform-engine/1.6.0/junit-platform-engine-1.6.0.jar:/home/bruno/.m2/repository/org/postgresql/postgresql/42.7.3/postgresql-42.7.3.jar:/home/bruno/.m2/repository/org/checkerframework/checker-qual/3.42.0/checker-qual-3.42.0.jar:/home/bruno/.m2/repository/org/openjfx/javafx-maven-plugin/0.0.4/javafx-maven-plugin-0.0.4.jar:/home/bruno/.m2/repository/org/apache/maven/maven-plugin-api/3.6.0/maven-plugin-api-3.6.0.jar:/home/bruno/.m2/repository/org/apache/maven/maven-model/3.6.0/maven-model-3.6.0.jar:/home/bruno/.m2/repository/org/apache/maven/maven-artifact/3.6.0/maven-artifact-3.6.0.jar:/home/bruno/.m2/repository/org/eclipse/sisu/org.eclipse.sisu.plexus/0.3.3/org.eclipse.sisu.plexus-0.3.3.jar:/home/bruno/.m2/repository/javax/enterprise/cdi-api/1.0/cdi-api-1.0.jar:/home/bruno/.m2/repository/javax/annotation/jsr250-api/1.0/jsr250-api-1.0.jar:/home/bruno/.m2/repository/org/codehaus/plexus/plexus-utils/3.1.0/plexus-utils-3.1.0.jar:/home/bruno/.m2/repository/org/codehaus/plexus/plexus-classworlds/2.5.2/plexus-classworlds-2.5.2.jar:/home/bruno/.m2/repository/org/codehaus/plexus/plexus-java/0.9.11/plexus-java-0.9.11.jar:/home/bruno/.m2/repository/org/ow2/asm/asm/7.0-beta/asm-7.0-beta.jar:/home/bruno/.m2/repository/com/thoughtworks/qdox/qdox/2.0-M9/qdox-2.0-M9.jar:/home/bruno/.m2/repository/org/codehaus/plexus/plexus-archiver/3.6.0/plexus-archiver-3.6.0.jar:/home/bruno/.m2/repository/org/codehaus/plexus/plexus-io/3.0.1/plexus-io-3.0.1.jar:/home/bruno/.m2/repository/commons-io/commons-io/2.6/commons-io-2.6.jar:/home/bruno/.m2/repository/org/apache/commons/commons-compress/1.16.1/commons-compress-1.16.1.jar:/home/bruno/.m2/repository/org/objenesis/objenesis/2.6/objenesis-2.6.jar:/home/bruno/.m2/repository/org/iq80/snappy/snappy/0.4/snappy-0.4.jar:/home/bruno/.m2/repository/org/tukaani/xz/1.8/xz-1.8.jar:/home/bruno/.m2/repository/org/apache/commons/commons-exec/1.3/commons-exec-1.3.jar:/home/bruno/.m2/repository/org/apache/maven/maven-core/3.6.0/maven-core-3.6.0.jar:/home/bruno/.m2/repository/org/apache/maven/maven-settings/3.6.0/maven-settings-3.6.0.jar:/home/bruno/.m2/repository/org/apache/maven/maven-settings-builder/3.6.0/maven-settings-builder-3.6.0.jar:/home/bruno/.m2/repository/org/codehaus/plexus/plexus-interpolation/1.25/plexus-interpolation-1.25.jar:/home/bruno/.m2/repository/org/sonatype/plexus/plexus-sec-dispatcher/1.4/plexus-sec-dispatcher-1.4.jar:/home/bruno/.m2/repository/org/sonatype/plexus/plexus-cipher/1.4/plexus-cipher-1.4.jar:/home/bruno/.m2/repository/org/apache/maven/maven-builder-support/3.6.0/maven-builder-support-3.6.0.jar:/home/bruno/.m2/repository/org/apache/maven/maven-repository-metadata/3.6.0/maven-repository-metadata-3.6.0.jar:/home/bruno/.m2/repository/org/apache/maven/maven-model-builder/3.6.0/maven-model-builder-3.6.0.jar:/home/bruno/.m2/repository/org/apache/maven/maven-resolver-provider/3.6.0/maven-resolver-provider-3.6.0.jar:/home/bruno/.m2/repository/org/slf4j/slf4j-api/1.7.25/slf4j-api-1.7.25.jar:/home/bruno/.m2/repository/org/apache/maven/resolver/maven-resolver-impl/1.3.1/maven-resolver-impl-1.3.1.jar:/home/bruno/.m2/repository/org/apache/maven/resolver/maven-resolver-api/1.3.1/maven-resolver-api-1.3.1.jar:/home/bruno/.m2/repository/org/apache/maven/resolver/maven-resolver-spi/1.3.1/maven-resolver-spi-1.3.1.jar:/home/bruno/.m2/repository/org/apache/maven/resolver/maven-resolver-util/1.3.1/maven-resolver-util-1.3.1.jar:/home/bruno/.m2/repository/org/apache/maven/shared/maven-shared-utils/3.2.1/maven-shared-utils-3.2.1.jar:/home/bruno/.m2/repository/org/eclipse/sisu/org.eclipse.sisu.inject/0.3.3/org.eclipse.sisu.inject-0.3.3.jar:/home/bruno/.m2/repository/com/google/inject/guice/4.2.1/guice-4.2.1-no_aop.jar:/home/bruno/.m2/repository/aopalliance/aopalliance/1.0/aopalliance-1.0.jar:/home/bruno/.m2/repository/com/google/guava/guava/25.1-android/guava-25.1-android.jar:/home/bruno/.m2/repository/com/google/code/findbugs/jsr305/3.0.2/jsr305-3.0.2.jar:/home/bruno/.m2/repository/org/checkerframework/checker-compat-qual/2.0.0/checker-compat-qual-2.0.0.jar:/home/bruno/.m2/repository/com/google/errorprone/error_prone_annotations/2.1.3/error_prone_annotations-2.1.3.jar:/home/bruno/.m2/repository/com/google/j2objc/j2objc-annotations/1.1/j2objc-annotations-1.1.jar:/home/bruno/.m2/repository/org/codehaus/mojo/animal-sniffer-annotations/1.14/animal-sniffer-annotations-1.14.jar:/home/bruno/.m2/repository/javax/inject/javax.inject/1/javax.inject-1.jar:/home/bruno/.m2/repository/org/codehaus/plexus/plexus-component-annotations/1.7.1/plexus-component-annotations-1.7.1.jar:/home/bruno/.m2/repository/org/apache/commons/commons-lang3/3.8.1/commons-lang3-3.8.1.jar:"/>
    <property name="java.vm.vendor" value="Private Build"/>
    <property name="sun.arch.data.model" value="64"/>
    <property name="java.vendor.url" value="Unknown"/>
    <property name="user.country.format" value="BR"/>
    <property name="os.name" value="Linux"/>
    <property name="java.vm.specification.version" value="21"/>
    <property name="user.country" value="US"/>
    <property name="sun.java.launcher" value="SUN_STANDARD"/>
    <property name="sun.boot.library.path" value="/usr/lib/jvm/java-21-openjdk-amd64/lib"/>
    <property name="sun.java.command" value="/home/bruno/NetBeansProjects/GerenciadorDeBiblioteca/target/surefire/surefirebooter-20240407130526387_3.jar /home/bruno/NetBeansProjects/GerenciadorDeBiblioteca/target/surefire 2024-04-07T13-05-26_288-jvmRun1 surefire-20240407130526387_1tmp surefire_0-20240407130526387_2tmp"/>
    <property name="jdk.debug" value="release"/>
    <property name="surefire.test.class.path" value="/home/bruno/NetBeansProjects/GerenciadorDeBiblioteca/target/test-classes:/home/bruno/NetBeansProjects/GerenciadorDeBiblioteca/target/classes:/home/bruno/.m2/repository/org/openjfx/javafx-controls/13/javafx-controls-13.jar:/home/bruno/.m2/repository/org/openjfx/javafx-controls/13/javafx-controls-13-linux.jar:/home/bruno/.m2/repository/org/openjfx/javafx-graphics/13/javafx-graphics-13.jar:/home/bruno/.m2/repository/org/openjfx/javafx-graphics/13/javafx-graphics-13-linux.jar:/home/bruno/.m2/repository/org/openjfx/javafx-base/13/javafx-base-13.jar:/home/bruno/.m2/repository/org/openjfx/javafx-base/13/javafx-base-13-linux.jar:/home/bruno/.m2/repository/org/openjfx/javafx-fxml/13/javafx-fxml-13.jar:/home/bruno/.m2/repository/org/openjfx/javafx-fxml/13/javafx-fxml-13-linux.jar:/home/bruno/.m2/repository/org/junit/jupiter/junit-jupiter-api/5.6.0/junit-jupiter-api-5.6.0.jar:/home/bruno/.m2/repository/org/apiguardian/apiguardian-api/1.1.0/apiguardian-api-1.1.0.jar:/home/bruno/.m2/repository/org/opentest4j/opentest4j/1.2.0/opentest4j-1.2.0.jar:/home/bruno/.m2/repository/org/junit/platform/junit-platform-commons/1.6.0/junit-platform-commons-1.6.0.jar:/home/bruno/.m2/repository/org/junit/jupiter/junit-jupiter-params/5.6.0/junit-jupiter-params-5.6.0.jar:/home/bruno/.m2/repository/org/junit/jupiter/junit-jupiter-engine/5.6.0/junit-jupiter-engine-5.6.0.jar:/home/bruno/.m2/repository/org/junit/platform/junit-platform-engine/1.6.0/junit-platform-engine-1.6.0.jar:/home/bruno/.m2/repository/org/postgresql/postgresql/42.7.3/postgresql-42.7.3.jar:/home/bruno/.m2/repository/org/checkerframework/checker-qual/3.42.0/checker-qual-3.42.0.jar:/home/bruno/.m2/repository/org/openjfx/javafx-maven-plugin/0.0.4/javafx-maven-plugin-0.0.4.jar:/home/bruno/.m2/repository/org/apache/maven/maven-plugin-api/3.6.0/maven-plugin-api-3.6.0.jar:/home/bruno/.m2/repository/org/apache/maven/maven-model/3.6.0/maven-model-3.6.0.jar:/home/bruno/.m2/repository/org/apache/maven/maven-artifact/3.6.0/maven-artifact-3.6.0.jar:/home/bruno/.m2/repository/org/eclipse/sisu/org.eclipse.sisu.plexus/0.3.3/org.eclipse.sisu.plexus-0.3.3.jar:/home/bruno/.m2/repository/javax/enterprise/cdi-api/1.0/cdi-api-1.0.jar:/home/bruno/.m2/repository/javax/annotation/jsr250-api/1.0/jsr250-api-1.0.jar:/home/bruno/.m2/repository/org/codehaus/plexus/plexus-utils/3.1.0/plexus-utils-3.1.0.jar:/home/bruno/.m2/repository/org/codehaus/plexus/plexus-classworlds/2.5.2/plexus-classworlds-2.5.2.jar:/home/bruno/.m2/repository/org/codehaus/plexus/plexus-java/0.9.11/plexus-java-0.9.11.jar:/home/bruno/.m2/repository/org/ow2/asm/asm/7.0-beta/asm-7.0-beta.jar:/home/bruno/.m2/repository/com/thoughtworks/qdox/qdox/2.0-M9/qdox-2.0-M9.jar:/home/bruno/.m2/repository/org/codehaus/plexus/plexus-archiver/3.6.0/plexus-archiver-3.6.0.jar:/home/bruno/.m2/repository/org/codehaus/plexus/plexus-io/3.0.1/plexus-io-3.0.1.jar:/home/bruno/.m2/repository/commons-io/commons-io/2.6/commons-io-2.6.jar:/home/bruno/.m2/repository/org/apache/commons/commons-compress/1.16.1/commons-compress-1.16.1.jar:/home/bruno/.m2/repository/org/objenesis/objenesis/2.6/objenesis-2.6.jar:/home/bruno/.m2/repository/org/iq80/snappy/snappy/0.4/snappy-0.4.jar:/home/bruno/.m2/repository/org/tukaani/xz/1.8/xz-1.8.jar:/home/bruno/.m2/repository/org/apache/commons/commons-exec/1.3/commons-exec-1.3.jar:/home/bruno/.m2/repository/org/apache/maven/maven-core/3.6.0/maven-core-3.6.0.jar:/home/bruno/.m2/repository/org/apache/maven/maven-settings/3.6.0/maven-settings-3.6.0.jar:/home/bruno/.m2/repository/org/apache/maven/maven-settings-builder/3.6.0/maven-settings-builder-3.6.0.jar:/home/bruno/.m2/repository/org/codehaus/plexus/plexus-interpolation/1.25/plexus-interpolation-1.25.jar:/home/bruno/.m2/repository/org/sonatype/plexus/plexus-sec-dispatcher/1.4/plexus-sec-dispatcher-1.4.jar:/home/bruno/.m2/repository/org/sonatype/plexus/plexus-cipher/1.4/plexus-cipher-1.4.jar:/home/bruno/.m2/repository/org/apache/maven/maven-builder-support/3.6.0/maven-builder-support-3.6.0.jar:/home/bruno/.m2/repository/org/apache/maven/maven-repository-metadata/3.6.0/maven-repository-metadata-3.6.0.jar:/home/bruno/.m2/repository/org/apache/maven/maven-model-builder/3.6.0/maven-model-builder-3.6.0.jar:/home/bruno/.m2/repository/org/apache/maven/maven-resolver-provider/3.6.0/maven-resolver-provider-3.6.0.jar:/home/bruno/.m2/repository/org/slf4j/slf4j-api/1.7.25/slf4j-api-1.7.25.jar:/home/bruno/.m2/repository/org/apache/maven/resolver/maven-resolver-impl/1.3.1/maven-resolver-impl-1.3.1.jar:/home/bruno/.m2/repository/org/apache/maven/resolver/maven-resolver-api/1.3.1/maven-resolver-api-1.3.1.jar:/home/bruno/.m2/repository/org/apache/maven/resolver/maven-resolver-spi/1.3.1/maven-resolver-spi-1.3.1.jar:/home/bruno/.m2/repository/org/apache/maven/resolver/maven-resolver-util/1.3.1/maven-resolver-util-1.3.1.jar:/home/bruno/.m2/repository/org/apache/maven/shared/maven-shared-utils/3.2.1/maven-shared-utils-3.2.1.jar:/home/bruno/.m2/repository/org/eclipse/sisu/org.eclipse.sisu.inject/0.3.3/org.eclipse.sisu.inject-0.3.3.jar:/home/bruno/.m2/repository/com/google/inject/guice/4.2.1/guice-4.2.1-no_aop.jar:/home/bruno/.m2/repository/aopalliance/aopalliance/1.0/aopalliance-1.0.jar:/home/bruno/.m2/repository/com/google/guava/guava/25.1-android/guava-25.1-android.jar:/home/bruno/.m2/repository/com/google/code/findbugs/jsr305/3.0.2/jsr305-3.0.2.jar:/home/bruno/.m2/repository/org/checkerframework/checker-compat-qual/2.0.0/checker-compat-qual-2.0.0.jar:/home/bruno/.m2/repository/com/google/errorprone/error_prone_annotations/2.1.3/error_prone_annotations-2.1.3.jar:/home/bruno/.m2/repository/com/google/j2objc/j2objc-annotations/1.1/j2objc-annotations-1.1.jar:/home/bruno/.m2/repository/org/codehaus/mojo/animal-sniffer-annotations/1.14/animal-sniffer-annotations-1.14.jar:/home/bruno/.m2/repository/javax/inject/javax.inject/1/javax.inject-1.jar:/home/bruno/.m2/repository/org/codehaus/plexus/plexus-component-annotations/1.7.1/plexus-component-annotations-1.7.1.jar:/home/bruno/.m2/repository/org/apache/commons/commons-lang3/3.8.1/commons-lang3-3.8.1.jar:"/>
    <property name="sun.cpu.endian" value="little"/>
    <property name="user.home" value="/home/bruno"/>
    <property name="user.language" value="en"/>
    <property name="java.specification.vendor" value="Oracle Corporation"/>
    <property name="java.version.date" value="2024-01-16"/>
    <property name="java.home" value="/usr/lib/jvm/java-21-openjdk-amd64"/>
    <property name="file.separator" value="/"/>
    <property name="basedir" value="/home/bruno/NetBeansProjects/GerenciadorDeBiblioteca"/>
    <property name="java.vm.compressedOopsMode" value="Zero based"/>
    <property name="line.separator" value="&#10;"/>
    <property name="java.vm.specification.vendor" value="Oracle Corporation"/>
    <property name="java.specification.name" value="Java Platform API Specification"/>
    <property name="surefire.real.class.path" value="/home/bruno/NetBeansProjects/GerenciadorDeBiblioteca/target/surefire/surefirebooter-20240407130526387_3.jar"/>
    <property name="sun.management.compiler" value="HotSpot 64-Bit Tiered Compilers"/>
    <property name="java.runtime.version" value="21.0.2+13-Ubuntu-122.04.1"/>
    <property name="user.name" value="bruno"/>
    <property name="stdout.encoding" value="UTF-8"/>
    <property name="path.separator" value=":"/>
    <property name="os.version" value="6.5.0-26-generic"/>
    <property name="java.runtime.name" value="OpenJDK Runtime Environment"/>
    <property name="file.encoding" value="UTF-8"/>
    <property name="java.vm.name" value="OpenJDK 64-Bit Server VM"/>
    <property name="maven.ext.class.path" value="/snap/netbeans/93/netbeans/java/maven-nblib/netbeans-eventspy.jar"/>
    <property name="localRepository" value="/home/bruno/.m2/repository"/>
    <property name="java.vendor.url.bug" value="Unknown"/>
    <property name="java.io.tmpdir" value="/tmp"/>
    <property name="java.version" value="21.0.2"/>
    <property name="user.dir" value="/home/bruno/NetBeansProjects/GerenciadorDeBiblioteca"/>
    <property name="os.arch" value="amd64"/>
    <property name="java.vm.specification.name" value="Java Virtual Machine Specification"/>
    <property name="user.language.format" value="pt"/>
    <property name="native.encoding" value="UTF-8"/>
    <property name="java.library.path" value="/usr/java/packages/lib:/usr/lib/x86_64-linux-gnu/jni:/lib/x86_64-linux-gnu:/usr/lib/x86_64-linux-gnu:/usr/lib/jni:/lib:/usr/lib"/>
    <property name="java.vm.info" value="mixed mode, sharing"/>
    <property name="stderr.encoding" value="UTF-8"/>
    <property name="java.vendor" value="Private Build"/>
    <property name="java.vm.version" value="21.0.2+13-Ubuntu-122.04.1"/>
    <property name="sun.io.unicode.encoding" value="UnicodeLittle"/>
    <property name="java.class.version" value="65.0"/>
  </properties>
  <testcase name="testGetNumEmprestimos" classname="ClassesTeste.ClienteTesteTest" time="0.001"/>
  <testcase name="testCriarCliente" classname="ClassesTeste.ClienteTesteTest" time="0.001"/>
  <testcase name="testEhCaloteiro_boolean" classname="ClassesTeste.ClienteTesteTest" time="0.001"/>
  <testcase name="testGetNome" classname="ClassesTeste.ClienteTesteTest" time="0.001"/>
  <testcase name="testSetCidade" classname="ClassesTeste.ClienteTesteTest" time="0.001"/>
  <testcase name="testSetEstado" classname="ClassesTeste.ClienteTesteTest" time="0.001"/>
  <testcase name="testGetCidade" classname="ClassesTeste.ClienteTesteTest" time="0.0"/>
  <testcase name="testGetEstado" classname="ClassesTeste.ClienteTesteTest" time="0.001"/>
  <testcase name="testGetCPF" classname="ClassesTeste.ClienteTesteTest" time="0.001"/>
  <testcase name="testSetNome" classname="ClassesTeste.ClienteTesteTest" time="0.001"/>
  <testcase name="testSetCPF" classname="ClassesTeste.ClienteTesteTest" time="0.001"/>
  <testcase name="testSetNumEmprestimos" classname="ClassesTeste.ClienteTesteTest" time="0.001"/>
  <testcase name="testEhCaloteiro_0args" classname="ClassesTeste.ClienteTesteTest" time="0.002"/>
</testsuite>